CRITICAL - 2023-05-17 01:09:20 --> No connection could be made because the target machine actively refused it
in SYSTEMPATH\Database\MySQLi\Connection.php on line 174.
 1 SYSTEMPATH\Database\MySQLi\Connection.php(174): mysqli->real_connect('localhost', 'root', '', 'dbform', 3306, '', 0)
 2 APPPATH\Controllers\Pages.php(47): CodeIgniter\Database\MySQLi\Connection->connect()
 3 SYSTEMPATH\CodeIgniter.php(934): App\Controllers\Pages->dataAjax()
 4 SYSTEMPATH\CodeIgniter.php(499): CodeIgniter\CodeIgniter->runController(Object(App\Controllers\Pages))
 5 SYSTEMPATH\CodeIgniter.php(368): CodeIgniter\CodeIgniter->handleRequest(null, Object(Config\Cache), false)
 6 FCPATH\index.php(67): CodeIgniter\CodeIgniter->run()
 7 SYSTEMPATH\Commands\Server\rewrite.php(47): require_once('C:\\xampp\\htdocs\\LabMVC4\\public\\index.php')
CRITICAL - 2023-05-17 01:47:00 --> Invalid file: "user/index.php"
in SYSTEMPATH\Exceptions\FrameworkException.php on line 33.
 1 SYSTEMPATH\View\View.php(201): CodeIgniter\Exceptions\FrameworkException::forInvalidFile('user/index.php')
 2 SYSTEMPATH\Common.php(1184): CodeIgniter\View\View->render('user/index', [], true)
 3 APPPATH\Controllers\Pages.php(70): view('user/index', [...])
 4 SYSTEMPATH\CodeIgniter.php(934): App\Controllers\Pages->renderDB()
 5 SYSTEMPATH\CodeIgniter.php(499): CodeIgniter\CodeIgniter->runController(Object(App\Controllers\Pages))
 6 SYSTEMPATH\CodeIgniter.php(368): CodeIgniter\CodeIgniter->handleRequest(null, Object(Config\Cache), false)
 7 FCPATH\index.php(67): CodeIgniter\CodeIgniter->run()
 8 SYSTEMPATH\Commands\Server\rewrite.php(47): require_once('C:\\xampp\\htdocs\\LabMVC4\\public\\index.php')
CRITICAL - 2023-05-17 01:48:31 --> Undefined variable $verify_code
in APPPATH\Views\info_user.php on line 15.
 1 APPPATH\Views\info_user.php(15): CodeIgniter\Debug\Exceptions->errorHandler(2, 'Undefined variable $verify_code', 'C:\\xampp\\htdocs\\LabMVC4\\app\\Views\\info_user.php', 15)
 2 SYSTEMPATH\View\View.php(213): include('C:\\xampp\\htdocs\\LabMVC4\\app\\Views\\info_user.php')
 3 SYSTEMPATH\View\View.php(216): CodeIgniter\View\View->CodeIgniter\View\{closure}()
 4 SYSTEMPATH\Common.php(1184): CodeIgniter\View\View->render('info_user', [], true)
 5 APPPATH\Controllers\Pages.php(70): view('info_user', [...])
 6 SYSTEMPATH\CodeIgniter.php(934): App\Controllers\Pages->renderDB()
 7 SYSTEMPATH\CodeIgniter.php(499): CodeIgniter\CodeIgniter->runController(Object(App\Controllers\Pages))
 8 SYSTEMPATH\CodeIgniter.php(368): CodeIgniter\CodeIgniter->handleRequest(null, Object(Config\Cache), false)
 9 FCPATH\index.php(67): CodeIgniter\CodeIgniter->run()
10 SYSTEMPATH\Commands\Server\rewrite.php(47): require_once('C:\\xampp\\htdocs\\LabMVC4\\public\\index.php')
CRITICAL - 2023-05-17 09:49:29 --> Call to undefined method App\Models\UserModel::updateDB
in SYSTEMPATH\Model.php on line 842.
 1 APPPATH\Controllers\Pages.php(90): CodeIgniter\Model->__call('updateDB', [...])
 2 SYSTEMPATH\CodeIgniter.php(934): App\Controllers\Pages->updateDB()
 3 SYSTEMPATH\CodeIgniter.php(499): CodeIgniter\CodeIgniter->runController(Object(App\Controllers\Pages))
 4 SYSTEMPATH\CodeIgniter.php(368): CodeIgniter\CodeIgniter->handleRequest(null, Object(Config\Cache), false)
 5 FCPATH\index.php(67): CodeIgniter\CodeIgniter->run()
 6 SYSTEMPATH\Commands\Server\rewrite.php(47): require_once('C:\\xampp\\htdocs\\LabMVC4\\public\\index.php')
CRITICAL - 2023-05-17 09:49:54 --> Call to undefined method App\Models\UserModel::updateDB
in SYSTEMPATH\Model.php on line 842.
 1 APPPATH\Controllers\Pages.php(90): CodeIgniter\Model->__call('updateDB', [...])
 2 SYSTEMPATH\CodeIgniter.php(934): App\Controllers\Pages->updateDB()
 3 SYSTEMPATH\CodeIgniter.php(499): CodeIgniter\CodeIgniter->runController(Object(App\Controllers\Pages))
 4 SYSTEMPATH\CodeIgniter.php(368): CodeIgniter\CodeIgniter->handleRequest(null, Object(Config\Cache), false)
 5 FCPATH\index.php(67): CodeIgniter\CodeIgniter->run()
 6 SYSTEMPATH\Commands\Server\rewrite.php(47): require_once('C:\\xampp\\htdocs\\LabMVC4\\public\\index.php')
CRITICAL - 2023-05-17 09:53:21 --> There is no data to update.
in SYSTEMPATH\BaseModel.php on line 1680.
 1 SYSTEMPATH\BaseModel.php(1680): CodeIgniter\Database\Exceptions\DataException::forEmptyDataset('update')
 2 SYSTEMPATH\BaseModel.php(910): CodeIgniter\BaseModel->transformDataToArray(null, 'update')
 3 SYSTEMPATH\Model.php(756): CodeIgniter\BaseModel->update([...], null)
 4 APPPATH\Models\UserModel.php(20): CodeIgniter\Model->update([...])
 5 APPPATH\Controllers\Pages.php(90): App\Models\UserModel->updateData('21', [...])
 6 SYSTEMPATH\CodeIgniter.php(934): App\Controllers\Pages->updateDB()
 7 SYSTEMPATH\CodeIgniter.php(499): CodeIgniter\CodeIgniter->runController(Object(App\Controllers\Pages))
 8 SYSTEMPATH\CodeIgniter.php(368): CodeIgniter\CodeIgniter->handleRequest(null, Object(Config\Cache), false)
 9 FCPATH\index.php(67): CodeIgniter\CodeIgniter->run()
10 SYSTEMPATH\Commands\Server\rewrite.php(47): require_once('C:\\xampp\\htdocs\\LabMVC4\\public\\index.php')
CRITICAL - 2023-05-17 09:54:14 --> There is no data to update.
in SYSTEMPATH\BaseModel.php on line 1680.
 1 SYSTEMPATH\BaseModel.php(1680): CodeIgniter\Database\Exceptions\DataException::forEmptyDataset('update')
 2 SYSTEMPATH\BaseModel.php(910): CodeIgniter\BaseModel->transformDataToArray(null, 'update')
 3 SYSTEMPATH\Model.php(756): CodeIgniter\BaseModel->update([...], null)
 4 APPPATH\Models\UserModel.php(20): CodeIgniter\Model->update([...])
 5 APPPATH\Controllers\Pages.php(90): App\Models\UserModel->updateData('22', [...])
 6 SYSTEMPATH\CodeIgniter.php(934): App\Controllers\Pages->updateDB()
 7 SYSTEMPATH\CodeIgniter.php(499): CodeIgniter\CodeIgniter->runController(Object(App\Controllers\Pages))
 8 SYSTEMPATH\CodeIgniter.php(368): CodeIgniter\CodeIgniter->handleRequest(null, Object(Config\Cache), false)
 9 FCPATH\index.php(67): CodeIgniter\CodeIgniter->run()
10 SYSTEMPATH\Commands\Server\rewrite.php(47): require_once('C:\\xampp\\htdocs\\LabMVC4\\public\\index.php')
CRITICAL - 2023-05-17 09:55:46 --> There is no data to update.
in SYSTEMPATH\BaseModel.php on line 1680.
 1 SYSTEMPATH\BaseModel.php(1680): CodeIgniter\Database\Exceptions\DataException::forEmptyDataset('update')
 2 SYSTEMPATH\BaseModel.php(910): CodeIgniter\BaseModel->transformDataToArray(null, 'update')
 3 SYSTEMPATH\Model.php(756): CodeIgniter\BaseModel->update([...], null)
 4 APPPATH\Models\UserModel.php(20): CodeIgniter\Model->update([...])
 5 APPPATH\Controllers\Pages.php(90): App\Models\UserModel->updateData('20', [...])
 6 SYSTEMPATH\CodeIgniter.php(934): App\Controllers\Pages->updateDB()
 7 SYSTEMPATH\CodeIgniter.php(499): CodeIgniter\CodeIgniter->runController(Object(App\Controllers\Pages))
 8 SYSTEMPATH\CodeIgniter.php(368): CodeIgniter\CodeIgniter->handleRequest(null, Object(Config\Cache), false)
 9 FCPATH\index.php(67): CodeIgniter\CodeIgniter->run()
10 SYSTEMPATH\Commands\Server\rewrite.php(47): require_once('C:\\xampp\\htdocs\\LabMVC4\\public\\index.php')
CRITICAL - 2023-05-17 09:56:35 --> Trying to access array offset on value of type bool
in APPPATH\Controllers\Pages.php on line 90.
 1 APPPATH\Controllers\Pages.php(90): CodeIgniter\Debug\Exceptions->errorHandler(2, 'Trying to access array offset on value of type bool', 'C:\\xampp\\htdocs\\LabMVC4\\app\\Controllers\\Pages.php', 90)
 2 SYSTEMPATH\CodeIgniter.php(934): App\Controllers\Pages->updateDB()
 3 SYSTEMPATH\CodeIgniter.php(499): CodeIgniter\CodeIgniter->runController(Object(App\Controllers\Pages))
 4 SYSTEMPATH\CodeIgniter.php(368): CodeIgniter\CodeIgniter->handleRequest(null, Object(Config\Cache), false)
 5 FCPATH\index.php(67): CodeIgniter\CodeIgniter->run()
 6 SYSTEMPATH\Commands\Server\rewrite.php(47): require_once('C:\\xampp\\htdocs\\LabMVC4\\public\\index.php')
CRITICAL - 2023-05-17 09:56:54 --> Trying to access array offset on value of type bool
in APPPATH\Controllers\Pages.php on line 90.
 1 APPPATH\Controllers\Pages.php(90): CodeIgniter\Debug\Exceptions->errorHandler(2, 'Trying to access array offset on value of type bool', 'C:\\xampp\\htdocs\\LabMVC4\\app\\Controllers\\Pages.php', 90)
 2 SYSTEMPATH\CodeIgniter.php(934): App\Controllers\Pages->updateDB()
 3 SYSTEMPATH\CodeIgniter.php(499): CodeIgniter\CodeIgniter->runController(Object(App\Controllers\Pages))
 4 SYSTEMPATH\CodeIgniter.php(368): CodeIgniter\CodeIgniter->handleRequest(null, Object(Config\Cache), false)
 5 FCPATH\index.php(67): CodeIgniter\CodeIgniter->run()
 6 SYSTEMPATH\Commands\Server\rewrite.php(47): require_once('C:\\xampp\\htdocs\\LabMVC4\\public\\index.php')
CRITICAL - 2023-05-17 09:57:05 --> Trying to access array offset on value of type bool
in APPPATH\Controllers\Pages.php on line 90.
 1 APPPATH\Controllers\Pages.php(90): CodeIgniter\Debug\Exceptions->errorHandler(2, 'Trying to access array offset on value of type bool', 'C:\\xampp\\htdocs\\LabMVC4\\app\\Controllers\\Pages.php', 90)
 2 SYSTEMPATH\CodeIgniter.php(934): App\Controllers\Pages->updateDB()
 3 SYSTEMPATH\CodeIgniter.php(499): CodeIgniter\CodeIgniter->runController(Object(App\Controllers\Pages))
 4 SYSTEMPATH\CodeIgniter.php(368): CodeIgniter\CodeIgniter->handleRequest(null, Object(Config\Cache), false)
 5 FCPATH\index.php(67): CodeIgniter\CodeIgniter->run()
 6 SYSTEMPATH\Commands\Server\rewrite.php(47): require_once('C:\\xampp\\htdocs\\LabMVC4\\public\\index.php')
CRITICAL - 2023-05-17 09:57:22 --> Trying to access array offset on value of type bool
in APPPATH\Controllers\Pages.php on line 90.
 1 APPPATH\Controllers\Pages.php(90): CodeIgniter\Debug\Exceptions->errorHandler(2, 'Trying to access array offset on value of type bool', 'C:\\xampp\\htdocs\\LabMVC4\\app\\Controllers\\Pages.php', 90)
 2 SYSTEMPATH\CodeIgniter.php(934): App\Controllers\Pages->updateDB()
 3 SYSTEMPATH\CodeIgniter.php(499): CodeIgniter\CodeIgniter->runController(Object(App\Controllers\Pages))
 4 SYSTEMPATH\CodeIgniter.php(368): CodeIgniter\CodeIgniter->handleRequest(null, Object(Config\Cache), false)
 5 FCPATH\index.php(67): CodeIgniter\CodeIgniter->run()
 6 SYSTEMPATH\Commands\Server\rewrite.php(47): require_once('C:\\xampp\\htdocs\\LabMVC4\\public\\index.php')
CRITICAL - 2023-05-17 09:58:59 --> Trying to access array offset on value of type bool
in APPPATH\Controllers\Pages.php on line 90.
 1 APPPATH\Controllers\Pages.php(90): CodeIgniter\Debug\Exceptions->errorHandler(2, 'Trying to access array offset on value of type bool', 'C:\\xampp\\htdocs\\LabMVC4\\app\\Controllers\\Pages.php', 90)
 2 SYSTEMPATH\CodeIgniter.php(934): App\Controllers\Pages->updateDB()
 3 SYSTEMPATH\CodeIgniter.php(499): CodeIgniter\CodeIgniter->runController(Object(App\Controllers\Pages))
 4 SYSTEMPATH\CodeIgniter.php(368): CodeIgniter\CodeIgniter->handleRequest(null, Object(Config\Cache), false)
 5 FCPATH\index.php(67): CodeIgniter\CodeIgniter->run()
 6 SYSTEMPATH\Commands\Server\rewrite.php(47): require_once('C:\\xampp\\htdocs\\LabMVC4\\public\\index.php')
CRITICAL - 2023-05-17 10:01:05 --> Trying to access array offset on value of type bool
in APPPATH\Controllers\Pages.php on line 90.
 1 APPPATH\Controllers\Pages.php(90): CodeIgniter\Debug\Exceptions->errorHandler(2, 'Trying to access array offset on value of type bool', 'C:\\xampp\\htdocs\\LabMVC4\\app\\Controllers\\Pages.php', 90)
 2 SYSTEMPATH\CodeIgniter.php(934): App\Controllers\Pages->updateDB()
 3 SYSTEMPATH\CodeIgniter.php(499): CodeIgniter\CodeIgniter->runController(Object(App\Controllers\Pages))
 4 SYSTEMPATH\CodeIgniter.php(368): CodeIgniter\CodeIgniter->handleRequest(null, Object(Config\Cache), false)
 5 FCPATH\index.php(67): CodeIgniter\CodeIgniter->run()
 6 SYSTEMPATH\Commands\Server\rewrite.php(47): require_once('C:\\xampp\\htdocs\\LabMVC4\\public\\index.php')
CRITICAL - 2023-05-17 10:01:18 --> Trying to access array offset on value of type bool
in APPPATH\Controllers\Pages.php on line 90.
 1 APPPATH\Controllers\Pages.php(90): CodeIgniter\Debug\Exceptions->errorHandler(2, 'Trying to access array offset on value of type bool', 'C:\\xampp\\htdocs\\LabMVC4\\app\\Controllers\\Pages.php', 90)
 2 SYSTEMPATH\CodeIgniter.php(934): App\Controllers\Pages->updateDB()
 3 SYSTEMPATH\CodeIgniter.php(499): CodeIgniter\CodeIgniter->runController(Object(App\Controllers\Pages))
 4 SYSTEMPATH\CodeIgniter.php(368): CodeIgniter\CodeIgniter->handleRequest(null, Object(Config\Cache), false)
 5 FCPATH\index.php(67): CodeIgniter\CodeIgniter->run()
 6 SYSTEMPATH\Commands\Server\rewrite.php(47): require_once('C:\\xampp\\htdocs\\LabMVC4\\public\\index.php')
CRITICAL - 2023-05-17 10:15:14 --> Trying to access array offset on value of type bool
in APPPATH\Controllers\Pages.php on line 90.
 1 APPPATH\Controllers\Pages.php(90): CodeIgniter\Debug\Exceptions->errorHandler(2, 'Trying to access array offset on value of type bool', 'C:\\xampp\\htdocs\\LabMVC4\\app\\Controllers\\Pages.php', 90)
 2 SYSTEMPATH\CodeIgniter.php(934): App\Controllers\Pages->updateDB()
 3 SYSTEMPATH\CodeIgniter.php(499): CodeIgniter\CodeIgniter->runController(Object(App\Controllers\Pages))
 4 SYSTEMPATH\CodeIgniter.php(368): CodeIgniter\CodeIgniter->handleRequest(null, Object(Config\Cache), false)
 5 FCPATH\index.php(67): CodeIgniter\CodeIgniter->run()
 6 SYSTEMPATH\Commands\Server\rewrite.php(47): require_once('C:\\xampp\\htdocs\\LabMVC4\\public\\index.php')
CRITICAL - 2023-05-17 10:18:51 --> There is no data to update.
in SYSTEMPATH\BaseModel.php on line 1680.
 1 SYSTEMPATH\BaseModel.php(1680): CodeIgniter\Database\Exceptions\DataException::forEmptyDataset('update')
 2 SYSTEMPATH\BaseModel.php(910): CodeIgniter\BaseModel->transformDataToArray(null, 'update')
 3 SYSTEMPATH\Model.php(756): CodeIgniter\BaseModel->update([...], null)
 4 APPPATH\Models\UserModel.php(20): CodeIgniter\Model->update([...])
 5 APPPATH\Controllers\Pages.php(91): App\Models\UserModel->updateData('21', [...])
 6 SYSTEMPATH\CodeIgniter.php(934): App\Controllers\Pages->updateDB()
 7 SYSTEMPATH\CodeIgniter.php(499): CodeIgniter\CodeIgniter->runController(Object(App\Controllers\Pages))
 8 SYSTEMPATH\CodeIgniter.php(368): CodeIgniter\CodeIgniter->handleRequest(null, Object(Config\Cache), false)
 9 FCPATH\index.php(67): CodeIgniter\CodeIgniter->run()
10 SYSTEMPATH\Commands\Server\rewrite.php(47): require_once('C:\\xampp\\htdocs\\LabMVC4\\public\\index.php')
ERROR - 2023-05-17 10:58:18 --> Error connecting to the database: mysqli_sql_exception: No connection could be made because the target machine actively refused it in D:\Workspace\LabMVC4\system\Database\MySQLi\Connection.php:174
Stack trace:
#0 D:\Workspace\LabMVC4\system\Database\MySQLi\Connection.php(174): mysqli->real_connect('localhost', 'root', '', 'dbform', 3306, '', 0)
#1 D:\Workspace\LabMVC4\system\Database\BaseConnection.php(391): CodeIgniter\Database\MySQLi\Connection->connect(false)
#2 D:\Workspace\LabMVC4\system\Database\BaseConnection.php(574): CodeIgniter\Database\BaseConnection->initialize()
#3 D:\Workspace\LabMVC4\system\Database\BaseBuilder.php(1616): CodeIgniter\Database\BaseConnection->query('SELECT *\nFROM `...', Array, false)
#4 D:\Workspace\LabMVC4\system\Model.php(241): CodeIgniter\Database\BaseBuilder->get()
#5 D:\Workspace\LabMVC4\system\BaseModel.php(618): CodeIgniter\Model->doFindAll(0, 0)
#6 D:\Workspace\LabMVC4\app\Controllers\Pages.php(68): CodeIgniter\BaseModel->findAll()
#7 D:\Workspace\LabMVC4\system\CodeIgniter.php(934): App\Controllers\Pages->renderDB()
#8 D:\Workspace\LabMVC4\system\CodeIgniter.php(499): CodeIgniter\CodeIgniter->runController(Object(App\Controllers\Pages))
#9 D:\Workspace\LabMVC4\system\CodeIgniter.php(368): CodeIgniter\CodeIgniter->handleRequest(NULL, Object(Config\Cache), false)
#10 D:\Workspace\LabMVC4\public\index.php(67): CodeIgniter\CodeIgniter->run()
#11 D:\Workspace\LabMVC4\system\Commands\Server\rewrite.php(47): require_once('D:\\Workspace\\La...')
#12 {main}

Next CodeIgniter\Database\Exceptions\DatabaseException: No connection could be made because the target machine actively refused it in D:\Workspace\LabMVC4\system\Database\MySQLi\Connection.php:218
Stack trace:
#0 D:\Workspace\LabMVC4\system\Database\BaseConnection.php(391): CodeIgniter\Database\MySQLi\Connection->connect(false)
#1 D:\Workspace\LabMVC4\system\Database\BaseConnection.php(574): CodeIgniter\Database\BaseConnection->initialize()
#2 D:\Workspace\LabMVC4\system\Database\BaseBuilder.php(1616): CodeIgniter\Database\BaseConnection->query('SELECT *\nFROM `...', Array, false)
#3 D:\Workspace\LabMVC4\system\Model.php(241): CodeIgniter\Database\BaseBuilder->get()
#4 D:\Workspace\LabMVC4\system\BaseModel.php(618): CodeIgniter\Model->doFindAll(0, 0)
#5 D:\Workspace\LabMVC4\app\Controllers\Pages.php(68): CodeIgniter\BaseModel->findAll()
#6 D:\Workspace\LabMVC4\system\CodeIgniter.php(934): App\Controllers\Pages->renderDB()
#7 D:\Workspace\LabMVC4\system\CodeIgniter.php(499): CodeIgniter\CodeIgniter->runController(Object(App\Controllers\Pages))
#8 D:\Workspace\LabMVC4\system\CodeIgniter.php(368): CodeIgniter\CodeIgniter->handleRequest(NULL, Object(Config\Cache), false)
#9 D:\Workspace\LabMVC4\public\index.php(67): CodeIgniter\CodeIgniter->run()
#10 D:\Workspace\LabMVC4\system\Commands\Server\rewrite.php(47): require_once('D:\\Workspace\\La...')
#11 {main}
CRITICAL - 2023-05-17 10:58:18 --> Unable to connect to the database.
Main connection [MySQLi]: No connection could be made because the target machine actively refused it
in SYSTEMPATH\Database\BaseConnection.php on line 427.
 1 SYSTEMPATH\Database\BaseConnection.php(574): CodeIgniter\Database\BaseConnection->initialize()
 2 SYSTEMPATH\Database\BaseBuilder.php(1616): CodeIgniter\Database\BaseConnection->query('SELECT *
FROM `users`', [], false)
 3 SYSTEMPATH\Model.php(241): CodeIgniter\Database\BaseBuilder->get()
 4 SYSTEMPATH\BaseModel.php(618): CodeIgniter\Model->doFindAll(0, 0)
 5 APPPATH\Controllers\Pages.php(68): CodeIgniter\BaseModel->findAll()
 6 SYSTEMPATH\CodeIgniter.php(934): App\Controllers\Pages->renderDB()
 7 SYSTEMPATH\CodeIgniter.php(499): CodeIgniter\CodeIgniter->runController(Object(App\Controllers\Pages))
 8 SYSTEMPATH\CodeIgniter.php(368): CodeIgniter\CodeIgniter->handleRequest(null, Object(Config\Cache), false)
 9 FCPATH\index.php(67): CodeIgniter\CodeIgniter->run()
10 SYSTEMPATH\Commands\Server\rewrite.php(47): require_once('D:\\Workspace\\LabMVC4\\public\\index.php')
