CRITICAL - 2023-05-16 04:58:21 --> The framework needs the following extension(s) installed and loaded: intl.
in SYSTEMPATH\CodeIgniter.php on line 226.
 1 SYSTEMPATH\CodeIgniter.php(226): CodeIgniter\Exceptions\FrameworkException::forMissingExtension('intl')
 2 SYSTEMPATH\CodeIgniter.php(190): CodeIgniter\CodeIgniter->resolvePlatformExtensions()
 3 FCPATH\index.php(55): CodeIgniter\CodeIgniter->initialize()
CRITICAL - 2023-05-16 04:58:46 --> The framework needs the following extension(s) installed and loaded: intl.
in SYSTEMPATH\CodeIgniter.php on line 226.
 1 SYSTEMPATH\CodeIgniter.php(226): CodeIgniter\Exceptions\FrameworkException::forMissingExtension('intl')
 2 SYSTEMPATH\CodeIgniter.php(190): CodeIgniter\CodeIgniter->resolvePlatformExtensions()
 3 FCPATH\index.php(55): CodeIgniter\CodeIgniter->initialize()
CRITICAL - 2023-05-16 05:00:31 --> The framework needs the following extension(s) installed and loaded: intl.
in SYSTEMPATH\CodeIgniter.php on line 226.
 1 SYSTEMPATH\CodeIgniter.php(226): CodeIgniter\Exceptions\FrameworkException::forMissingExtension('intl')
 2 SYSTEMPATH\CodeIgniter.php(190): CodeIgniter\CodeIgniter->resolvePlatformExtensions()
 3 FCPATH\index.php(55): CodeIgniter\CodeIgniter->initialize()
CRITICAL - 2023-05-16 05:27:32 --> The action you requested is not allowed.
in SYSTEMPATH\Security\Security.php on line 306.
 1 SYSTEMPATH\Security\Security.php(306): CodeIgniter\Security\Exceptions\SecurityException::forDisallowedAction()
 2 SYSTEMPATH\Filters\CSRF.php(55): CodeIgniter\Security\Security->verify(Object(CodeIgniter\HTTP\IncomingRequest))
 3 SYSTEMPATH\Filters\Filters.php(173): CodeIgniter\Filters\CSRF->before(Object(CodeIgniter\HTTP\IncomingRequest), null)
 4 SYSTEMPATH\CodeIgniter.php(473): CodeIgniter\Filters\Filters->run('dataAjax', 'before')
 5 SYSTEMPATH\CodeIgniter.php(368): CodeIgniter\CodeIgniter->handleRequest(null, Object(Config\Cache), false)
 6 FCPATH\index.php(67): CodeIgniter\CodeIgniter->run()
 7 SYSTEMPATH\Commands\Server\rewrite.php(47): require_once('C:\\xampp\\htdocs\\LabMVC4\\public\\index.php')
CRITICAL - 2023-05-16 05:28:35 --> The action you requested is not allowed.
in SYSTEMPATH\Security\Security.php on line 306.
 1 SYSTEMPATH\Security\Security.php(306): CodeIgniter\Security\Exceptions\SecurityException::forDisallowedAction()
 2 SYSTEMPATH\Filters\CSRF.php(55): CodeIgniter\Security\Security->verify(Object(CodeIgniter\HTTP\IncomingRequest))
 3 SYSTEMPATH\Filters\Filters.php(173): CodeIgniter\Filters\CSRF->before(Object(CodeIgniter\HTTP\IncomingRequest), null)
 4 SYSTEMPATH\CodeIgniter.php(473): CodeIgniter\Filters\Filters->run('dataAjax', 'before')
 5 SYSTEMPATH\CodeIgniter.php(368): CodeIgniter\CodeIgniter->handleRequest(null, Object(Config\Cache), false)
 6 FCPATH\index.php(67): CodeIgniter\CodeIgniter->run()
 7 SYSTEMPATH\Commands\Server\rewrite.php(47): require_once('C:\\xampp\\htdocs\\LabMVC4\\public\\index.php')
CRITICAL - 2023-05-16 05:32:50 --> The action you requested is not allowed.
in SYSTEMPATH\Security\Security.php on line 306.
 1 SYSTEMPATH\Security\Security.php(306): CodeIgniter\Security\Exceptions\SecurityException::forDisallowedAction()
 2 SYSTEMPATH\Filters\CSRF.php(55): CodeIgniter\Security\Security->verify(Object(CodeIgniter\HTTP\IncomingRequest))
 3 SYSTEMPATH\Filters\Filters.php(173): CodeIgniter\Filters\CSRF->before(Object(CodeIgniter\HTTP\IncomingRequest), null)
 4 SYSTEMPATH\CodeIgniter.php(473): CodeIgniter\Filters\Filters->run('dataAjax', 'before')
 5 SYSTEMPATH\CodeIgniter.php(368): CodeIgniter\CodeIgniter->handleRequest(null, Object(Config\Cache), false)
 6 FCPATH\index.php(67): CodeIgniter\CodeIgniter->run()
 7 SYSTEMPATH\Commands\Server\rewrite.php(47): require_once('C:\\xampp\\htdocs\\LabMVC4\\public\\index.php')
CRITICAL - 2023-05-16 05:33:17 --> The action you requested is not allowed.
in SYSTEMPATH\Security\Security.php on line 306.
 1 SYSTEMPATH\Security\Security.php(306): CodeIgniter\Security\Exceptions\SecurityException::forDisallowedAction()
 2 SYSTEMPATH\Filters\CSRF.php(55): CodeIgniter\Security\Security->verify(Object(CodeIgniter\HTTP\IncomingRequest))
 3 SYSTEMPATH\Filters\Filters.php(173): CodeIgniter\Filters\CSRF->before(Object(CodeIgniter\HTTP\IncomingRequest), null)
 4 SYSTEMPATH\CodeIgniter.php(473): CodeIgniter\Filters\Filters->run('dataAjax', 'before')
 5 SYSTEMPATH\CodeIgniter.php(368): CodeIgniter\CodeIgniter->handleRequest(null, Object(Config\Cache), false)
 6 FCPATH\index.php(67): CodeIgniter\CodeIgniter->run()
 7 SYSTEMPATH\Commands\Server\rewrite.php(47): require_once('C:\\xampp\\htdocs\\LabMVC4\\public\\index.php')
CRITICAL - 2023-05-16 05:34:26 --> The action you requested is not allowed.
in SYSTEMPATH\Security\Security.php on line 306.
 1 SYSTEMPATH\Security\Security.php(306): CodeIgniter\Security\Exceptions\SecurityException::forDisallowedAction()
 2 SYSTEMPATH\Filters\CSRF.php(55): CodeIgniter\Security\Security->verify(Object(CodeIgniter\HTTP\IncomingRequest))
 3 SYSTEMPATH\Filters\Filters.php(173): CodeIgniter\Filters\CSRF->before(Object(CodeIgniter\HTTP\IncomingRequest), null)
 4 SYSTEMPATH\CodeIgniter.php(473): CodeIgniter\Filters\Filters->run('dataAjax', 'before')
 5 SYSTEMPATH\CodeIgniter.php(368): CodeIgniter\CodeIgniter->handleRequest(null, Object(Config\Cache), false)
 6 FCPATH\index.php(67): CodeIgniter\CodeIgniter->run()
 7 SYSTEMPATH\Commands\Server\rewrite.php(47): require_once('C:\\xampp\\htdocs\\LabMVC4\\public\\index.php')
CRITICAL - 2023-05-16 05:35:52 --> The action you requested is not allowed.
in SYSTEMPATH\Security\Security.php on line 306.
 1 SYSTEMPATH\Security\Security.php(306): CodeIgniter\Security\Exceptions\SecurityException::forDisallowedAction()
 2 SYSTEMPATH\Filters\CSRF.php(55): CodeIgniter\Security\Security->verify(Object(CodeIgniter\HTTP\IncomingRequest))
 3 SYSTEMPATH\Filters\Filters.php(173): CodeIgniter\Filters\CSRF->before(Object(CodeIgniter\HTTP\IncomingRequest), null)
 4 SYSTEMPATH\CodeIgniter.php(473): CodeIgniter\Filters\Filters->run('dataAjax', 'before')
 5 SYSTEMPATH\CodeIgniter.php(368): CodeIgniter\CodeIgniter->handleRequest(null, Object(Config\Cache), false)
 6 FCPATH\index.php(67): CodeIgniter\CodeIgniter->run()
 7 SYSTEMPATH\Commands\Server\rewrite.php(47): require_once('C:\\xampp\\htdocs\\LabMVC4\\public\\index.php')
CRITICAL - 2023-05-16 05:37:05 --> The action you requested is not allowed.
in SYSTEMPATH\Security\Security.php on line 306.
 1 SYSTEMPATH\Security\Security.php(306): CodeIgniter\Security\Exceptions\SecurityException::forDisallowedAction()
 2 SYSTEMPATH\Filters\CSRF.php(55): CodeIgniter\Security\Security->verify(Object(CodeIgniter\HTTP\IncomingRequest))
 3 SYSTEMPATH\Filters\Filters.php(173): CodeIgniter\Filters\CSRF->before(Object(CodeIgniter\HTTP\IncomingRequest), null)
 4 SYSTEMPATH\CodeIgniter.php(473): CodeIgniter\Filters\Filters->run('dataAjax', 'before')
 5 SYSTEMPATH\CodeIgniter.php(368): CodeIgniter\CodeIgniter->handleRequest(null, Object(Config\Cache), false)
 6 FCPATH\index.php(67): CodeIgniter\CodeIgniter->run()
 7 SYSTEMPATH\Commands\Server\rewrite.php(47): require_once('C:\\xampp\\htdocs\\LabMVC4\\public\\index.php')
CRITICAL - 2023-05-16 05:44:04 --> Undefined property: CodeIgniter\HTTP\IncomingRequest::$input
in APPPATH\Controllers\Pages.php on line 30.
 1 APPPATH\Controllers\Pages.php(30): CodeIgniter\Debug\Exceptions->errorHandler(2, 'Undefined property: CodeIgniter\\HTTP\\IncomingRequest::$input', 'C:\\xampp\\htdocs\\LabMVC4\\app\\Controllers\\Pages.php', 30)
 2 SYSTEMPATH\CodeIgniter.php(934): App\Controllers\Pages->dataAjax()
 3 SYSTEMPATH\CodeIgniter.php(499): CodeIgniter\CodeIgniter->runController(Object(App\Controllers\Pages))
 4 SYSTEMPATH\CodeIgniter.php(368): CodeIgniter\CodeIgniter->handleRequest(null, Object(Config\Cache), false)
 5 FCPATH\index.php(67): CodeIgniter\CodeIgniter->run()
 6 SYSTEMPATH\Commands\Server\rewrite.php(47): require_once('C:\\xampp\\htdocs\\LabMVC4\\public\\index.php')
CRITICAL - 2023-05-16 05:47:03 --> Undefined property: CodeIgniter\HTTP\IncomingRequest::$input
in APPPATH\Controllers\Pages.php on line 32.
 1 APPPATH\Controllers\Pages.php(32): CodeIgniter\Debug\Exceptions->errorHandler(2, 'Undefined property: CodeIgniter\\HTTP\\IncomingRequest::$input', 'C:\\xampp\\htdocs\\LabMVC4\\app\\Controllers\\Pages.php', 32)
 2 SYSTEMPATH\CodeIgniter.php(934): App\Controllers\Pages->dataAjax()
 3 SYSTEMPATH\CodeIgniter.php(499): CodeIgniter\CodeIgniter->runController(Object(App\Controllers\Pages))
 4 SYSTEMPATH\CodeIgniter.php(368): CodeIgniter\CodeIgniter->handleRequest(null, Object(Config\Cache), false)
 5 FCPATH\index.php(67): CodeIgniter\CodeIgniter->run()
 6 SYSTEMPATH\Commands\Server\rewrite.php(47): require_once('C:\\xampp\\htdocs\\LabMVC4\\public\\index.php')
CRITICAL - 2023-05-16 05:48:58 --> Undefined property: CodeIgniter\HTTP\IncomingRequest::$input
in APPPATH\Controllers\Pages.php on line 32.
 1 APPPATH\Controllers\Pages.php(32): CodeIgniter\Debug\Exceptions->errorHandler(2, 'Undefined property: CodeIgniter\\HTTP\\IncomingRequest::$input', 'C:\\xampp\\htdocs\\LabMVC4\\app\\Controllers\\Pages.php', 32)
 2 SYSTEMPATH\CodeIgniter.php(934): App\Controllers\Pages->dataAjax()
 3 SYSTEMPATH\CodeIgniter.php(499): CodeIgniter\CodeIgniter->runController(Object(App\Controllers\Pages))
 4 SYSTEMPATH\CodeIgniter.php(368): CodeIgniter\CodeIgniter->handleRequest(null, Object(Config\Cache), false)
 5 FCPATH\index.php(67): CodeIgniter\CodeIgniter->run()
 6 SYSTEMPATH\Commands\Server\rewrite.php(47): require_once('C:\\xampp\\htdocs\\LabMVC4\\public\\index.php')
CRITICAL - 2023-05-16 05:50:33 --> Undefined property: CodeIgniter\HTTP\IncomingRequest::$input
in APPPATH\Controllers\Pages.php on line 32.
 1 APPPATH\Controllers\Pages.php(32): CodeIgniter\Debug\Exceptions->errorHandler(2, 'Undefined property: CodeIgniter\\HTTP\\IncomingRequest::$input', 'C:\\xampp\\htdocs\\LabMVC4\\app\\Controllers\\Pages.php', 32)
 2 SYSTEMPATH\CodeIgniter.php(934): App\Controllers\Pages->dataAjax()
 3 SYSTEMPATH\CodeIgniter.php(499): CodeIgniter\CodeIgniter->runController(Object(App\Controllers\Pages))
 4 SYSTEMPATH\CodeIgniter.php(368): CodeIgniter\CodeIgniter->handleRequest(null, Object(Config\Cache), false)
 5 FCPATH\index.php(67): CodeIgniter\CodeIgniter->run()
 6 SYSTEMPATH\Commands\Server\rewrite.php(47): require_once('C:\\xampp\\htdocs\\LabMVC4\\public\\index.php')
CRITICAL - 2023-05-16 05:52:48 --> Undefined property: CodeIgniter\HTTP\IncomingRequest::$input
in APPPATH\Controllers\Pages.php on line 32.
 1 APPPATH\Controllers\Pages.php(32): CodeIgniter\Debug\Exceptions->errorHandler(2, 'Undefined property: CodeIgniter\\HTTP\\IncomingRequest::$input', 'C:\\xampp\\htdocs\\LabMVC4\\app\\Controllers\\Pages.php', 32)
 2 SYSTEMPATH\CodeIgniter.php(934): App\Controllers\Pages->dataAjax()
 3 SYSTEMPATH\CodeIgniter.php(499): CodeIgniter\CodeIgniter->runController(Object(App\Controllers\Pages))
 4 SYSTEMPATH\CodeIgniter.php(368): CodeIgniter\CodeIgniter->handleRequest(null, Object(Config\Cache), false)
 5 FCPATH\index.php(67): CodeIgniter\CodeIgniter->run()
 6 SYSTEMPATH\Commands\Server\rewrite.php(47): require_once('C:\\xampp\\htdocs\\LabMVC4\\public\\index.php')
CRITICAL - 2023-05-16 05:53:41 --> Undefined property: CodeIgniter\HTTP\IncomingRequest::$input
in APPPATH\Controllers\Pages.php on line 32.
 1 APPPATH\Controllers\Pages.php(32): CodeIgniter\Debug\Exceptions->errorHandler(2, 'Undefined property: CodeIgniter\\HTTP\\IncomingRequest::$input', 'C:\\xampp\\htdocs\\LabMVC4\\app\\Controllers\\Pages.php', 32)
 2 SYSTEMPATH\CodeIgniter.php(934): App\Controllers\Pages->dataAjax()
 3 SYSTEMPATH\CodeIgniter.php(499): CodeIgniter\CodeIgniter->runController(Object(App\Controllers\Pages))
 4 SYSTEMPATH\CodeIgniter.php(368): CodeIgniter\CodeIgniter->handleRequest(null, Object(Config\Cache), false)
 5 FCPATH\index.php(67): CodeIgniter\CodeIgniter->run()
 6 SYSTEMPATH\Commands\Server\rewrite.php(47): require_once('C:\\xampp\\htdocs\\LabMVC4\\public\\index.php')
CRITICAL - 2023-05-16 06:09:38 --> Class "App\Models\UserModel" not found
in APPPATH\Controllers\Pages.php on line 38.
 1 SYSTEMPATH\CodeIgniter.php(934): App\Controllers\Pages->dataAjax()
 2 SYSTEMPATH\CodeIgniter.php(499): CodeIgniter\CodeIgniter->runController(Object(App\Controllers\Pages))
 3 SYSTEMPATH\CodeIgniter.php(368): CodeIgniter\CodeIgniter->handleRequest(null, Object(Config\Cache), false)
 4 FCPATH\index.php(67): CodeIgniter\CodeIgniter->run()
 5 SYSTEMPATH\Commands\Server\rewrite.php(47): require_once('C:\\xampp\\htdocs\\LabMVC4\\public\\index.php')
CRITICAL - 2023-05-16 06:10:42 --> Undefined property: CodeIgniter\HTTP\IncomingRequest::$input
in APPPATH\Controllers\Pages.php on line 33.
 1 APPPATH\Controllers\Pages.php(33): CodeIgniter\Debug\Exceptions->errorHandler(2, 'Undefined property: CodeIgniter\\HTTP\\IncomingRequest::$input', 'C:\\xampp\\htdocs\\LabMVC4\\app\\Controllers\\Pages.php', 33)
 2 SYSTEMPATH\CodeIgniter.php(934): App\Controllers\Pages->dataAjax()
 3 SYSTEMPATH\CodeIgniter.php(499): CodeIgniter\CodeIgniter->runController(Object(App\Controllers\Pages))
 4 SYSTEMPATH\CodeIgniter.php(368): CodeIgniter\CodeIgniter->handleRequest(null, Object(Config\Cache), false)
 5 FCPATH\index.php(67): CodeIgniter\CodeIgniter->run()
 6 SYSTEMPATH\Commands\Server\rewrite.php(47): require_once('C:\\xampp\\htdocs\\LabMVC4\\public\\index.php')
CRITICAL - 2023-05-16 06:17:43 --> Undefined property: CodeIgniter\HTTP\IncomingRequest::$input
in APPPATH\Controllers\Pages.php on line 33.
 1 APPPATH\Controllers\Pages.php(33): CodeIgniter\Debug\Exceptions->errorHandler(2, 'Undefined property: CodeIgniter\\HTTP\\IncomingRequest::$input', 'C:\\xampp\\htdocs\\LabMVC4\\app\\Controllers\\Pages.php', 33)
 2 SYSTEMPATH\CodeIgniter.php(934): App\Controllers\Pages->dataAjax()
 3 SYSTEMPATH\CodeIgniter.php(499): CodeIgniter\CodeIgniter->runController(Object(App\Controllers\Pages))
 4 SYSTEMPATH\CodeIgniter.php(368): CodeIgniter\CodeIgniter->handleRequest(null, Object(Config\Cache), false)
 5 FCPATH\index.php(67): CodeIgniter\CodeIgniter->run()
 6 SYSTEMPATH\Commands\Server\rewrite.php(47): require_once('C:\\xampp\\htdocs\\LabMVC4\\public\\index.php')
CRITICAL - 2023-05-16 06:24:05 --> Class "App\Models\UserModel" not found
in APPPATH\Controllers\Pages.php on line 33.
 1 SYSTEMPATH\CodeIgniter.php(934): App\Controllers\Pages->dataAjax()
 2 SYSTEMPATH\CodeIgniter.php(499): CodeIgniter\CodeIgniter->runController(Object(App\Controllers\Pages))
 3 SYSTEMPATH\CodeIgniter.php(368): CodeIgniter\CodeIgniter->handleRequest(null, Object(Config\Cache), false)
 4 FCPATH\index.php(67): CodeIgniter\CodeIgniter->run()
 5 SYSTEMPATH\Commands\Server\rewrite.php(47): require_once('C:\\xampp\\htdocs\\LabMVC4\\public\\index.php')
CRITICAL - 2023-05-16 06:30:23 --> Class "App\Models\UserModel" not found
in APPPATH\Controllers\Pages.php on line 33.
 1 SYSTEMPATH\CodeIgniter.php(934): App\Controllers\Pages->dataAjax()
 2 SYSTEMPATH\CodeIgniter.php(499): CodeIgniter\CodeIgniter->runController(Object(App\Controllers\Pages))
 3 SYSTEMPATH\CodeIgniter.php(368): CodeIgniter\CodeIgniter->handleRequest(null, Object(Config\Cache), false)
 4 FCPATH\index.php(67): CodeIgniter\CodeIgniter->run()
 5 SYSTEMPATH\Commands\Server\rewrite.php(47): require_once('C:\\xampp\\htdocs\\LabMVC4\\public\\index.php')
CRITICAL - 2023-05-16 06:37:09 --> Class "App\Models\UserModel" not found
in APPPATH\Controllers\Pages.php on line 33.
 1 SYSTEMPATH\CodeIgniter.php(934): App\Controllers\Pages->dataAjax()
 2 SYSTEMPATH\CodeIgniter.php(499): CodeIgniter\CodeIgniter->runController(Object(App\Controllers\Pages))
 3 SYSTEMPATH\CodeIgniter.php(368): CodeIgniter\CodeIgniter->handleRequest(null, Object(Config\Cache), false)
 4 FCPATH\index.php(67): CodeIgniter\CodeIgniter->run()
 5 SYSTEMPATH\Commands\Server\rewrite.php(47): require_once('C:\\xampp\\htdocs\\LabMVC4\\public\\index.php')
CRITICAL - 2023-05-16 06:37:39 --> Class "App\Models\UserModel" not found
in APPPATH\Controllers\Pages.php on line 33.
 1 SYSTEMPATH\CodeIgniter.php(934): App\Controllers\Pages->dataAjax()
 2 SYSTEMPATH\CodeIgniter.php(499): CodeIgniter\CodeIgniter->runController(Object(App\Controllers\Pages))
 3 SYSTEMPATH\CodeIgniter.php(368): CodeIgniter\CodeIgniter->handleRequest(null, Object(Config\Cache), false)
 4 FCPATH\index.php(67): CodeIgniter\CodeIgniter->run()
 5 SYSTEMPATH\Commands\Server\rewrite.php(47): require_once('C:\\xampp\\htdocs\\LabMVC4\\public\\index.php')
CRITICAL - 2023-05-16 06:37:42 --> Class "App\Models\UserModel" not found
in APPPATH\Controllers\Pages.php on line 33.
 1 SYSTEMPATH\CodeIgniter.php(934): App\Controllers\Pages->dataAjax()
 2 SYSTEMPATH\CodeIgniter.php(499): CodeIgniter\CodeIgniter->runController(Object(App\Controllers\Pages))
 3 SYSTEMPATH\CodeIgniter.php(368): CodeIgniter\CodeIgniter->handleRequest(null, Object(Config\Cache), false)
 4 FCPATH\index.php(67): CodeIgniter\CodeIgniter->run()
 5 SYSTEMPATH\Commands\Server\rewrite.php(47): require_once('C:\\xampp\\htdocs\\LabMVC4\\public\\index.php')
CRITICAL - 2023-05-16 06:46:09 --> Undefined array key "myVariable"
in APPPATH\Controllers\Pages.php on line 30.
 1 APPPATH\Controllers\Pages.php(30): CodeIgniter\Debug\Exceptions->errorHandler(2, 'Undefined array key "myVariable"', 'C:\\xampp\\htdocs\\LabMVC4\\app\\Controllers\\Pages.php', 30)
 2 SYSTEMPATH\CodeIgniter.php(934): App\Controllers\Pages->dataAjax()
 3 SYSTEMPATH\CodeIgniter.php(499): CodeIgniter\CodeIgniter->runController(Object(App\Controllers\Pages))
 4 SYSTEMPATH\CodeIgniter.php(368): CodeIgniter\CodeIgniter->handleRequest(null, Object(Config\Cache), false)
 5 FCPATH\index.php(67): CodeIgniter\CodeIgniter->run()
 6 SYSTEMPATH\Commands\Server\rewrite.php(47): require_once('C:\\xampp\\htdocs\\LabMVC4\\public\\index.php')
CRITICAL - 2023-05-16 06:50:34 --> array_reduce(): Argument #1 ($array) must be of type array, bool given
in APPPATH\Controllers\Pages.php on line 32.
 1 APPPATH\Controllers\Pages.php(32): array_reduce(true, 'array_merge', [])
 2 SYSTEMPATH\CodeIgniter.php(934): App\Controllers\Pages->dataAjax()
 3 SYSTEMPATH\CodeIgniter.php(499): CodeIgniter\CodeIgniter->runController(Object(App\Controllers\Pages))
 4 SYSTEMPATH\CodeIgniter.php(368): CodeIgniter\CodeIgniter->handleRequest(null, Object(Config\Cache), false)
 5 FCPATH\index.php(67): CodeIgniter\CodeIgniter->run()
 6 SYSTEMPATH\Commands\Server\rewrite.php(47): require_once('C:\\xampp\\htdocs\\LabMVC4\\public\\index.php')
CRITICAL - 2023-05-16 06:53:36 --> Class "App\Models\UserModel" not found
in APPPATH\Controllers\Pages.php on line 38.
 1 SYSTEMPATH\CodeIgniter.php(934): App\Controllers\Pages->dataAjax()
 2 SYSTEMPATH\CodeIgniter.php(499): CodeIgniter\CodeIgniter->runController(Object(App\Controllers\Pages))
 3 SYSTEMPATH\CodeIgniter.php(368): CodeIgniter\CodeIgniter->handleRequest(null, Object(Config\Cache), false)
 4 FCPATH\index.php(67): CodeIgniter\CodeIgniter->run()
 5 SYSTEMPATH\Commands\Server\rewrite.php(47): require_once('C:\\xampp\\htdocs\\LabMVC4\\public\\index.php')
CRITICAL - 2023-05-16 06:53:47 --> Class "App\Models\UserModel" not found
in APPPATH\Controllers\Pages.php on line 38.
 1 SYSTEMPATH\CodeIgniter.php(934): App\Controllers\Pages->dataAjax()
 2 SYSTEMPATH\CodeIgniter.php(499): CodeIgniter\CodeIgniter->runController(Object(App\Controllers\Pages))
 3 SYSTEMPATH\CodeIgniter.php(368): CodeIgniter\CodeIgniter->handleRequest(null, Object(Config\Cache), false)
 4 FCPATH\index.php(67): CodeIgniter\CodeIgniter->run()
 5 SYSTEMPATH\Commands\Server\rewrite.php(47): require_once('C:\\xampp\\htdocs\\LabMVC4\\public\\index.php')
CRITICAL - 2023-05-16 07:01:02 --> Class "App\Models\UserModel" not found
in APPPATH\Controllers\Pages.php on line 35.
 1 SYSTEMPATH\CodeIgniter.php(934): App\Controllers\Pages->dataAjax()
 2 SYSTEMPATH\CodeIgniter.php(499): CodeIgniter\CodeIgniter->runController(Object(App\Controllers\Pages))
 3 SYSTEMPATH\CodeIgniter.php(368): CodeIgniter\CodeIgniter->handleRequest(null, Object(Config\Cache), false)
 4 FCPATH\index.php(67): CodeIgniter\CodeIgniter->run()
 5 SYSTEMPATH\Commands\Server\rewrite.php(47): require_once('C:\\xampp\\htdocs\\LabMVC4\\public\\index.php')
CRITICAL - 2023-05-16 07:01:32 --> Class "App\Models\UserModel" not found
in APPPATH\Controllers\Pages.php on line 36.
 1 SYSTEMPATH\CodeIgniter.php(934): App\Controllers\Pages->dataAjax()
 2 SYSTEMPATH\CodeIgniter.php(499): CodeIgniter\CodeIgniter->runController(Object(App\Controllers\Pages))
 3 SYSTEMPATH\CodeIgniter.php(368): CodeIgniter\CodeIgniter->handleRequest(null, Object(Config\Cache), false)
 4 FCPATH\index.php(67): CodeIgniter\CodeIgniter->run()
 5 SYSTEMPATH\Commands\Server\rewrite.php(47): require_once('C:\\xampp\\htdocs\\LabMVC4\\public\\index.php')
CRITICAL - 2023-05-16 07:02:45 --> Class "App\Models\UserModel" not found
in APPPATH\Controllers\Pages.php on line 36.
 1 SYSTEMPATH\CodeIgniter.php(934): App\Controllers\Pages->dataAjax()
 2 SYSTEMPATH\CodeIgniter.php(499): CodeIgniter\CodeIgniter->runController(Object(App\Controllers\Pages))
 3 SYSTEMPATH\CodeIgniter.php(368): CodeIgniter\CodeIgniter->handleRequest(null, Object(Config\Cache), false)
 4 FCPATH\index.php(67): CodeIgniter\CodeIgniter->run()
 5 SYSTEMPATH\Commands\Server\rewrite.php(47): require_once('C:\\xampp\\htdocs\\LabMVC4\\public\\index.php')
CRITICAL - 2023-05-16 07:02:47 --> Class "App\Models\UserModel" not found
in APPPATH\Controllers\Pages.php on line 36.
 1 SYSTEMPATH\CodeIgniter.php(934): App\Controllers\Pages->dataAjax()
 2 SYSTEMPATH\CodeIgniter.php(499): CodeIgniter\CodeIgniter->runController(Object(App\Controllers\Pages))
 3 SYSTEMPATH\CodeIgniter.php(368): CodeIgniter\CodeIgniter->handleRequest(null, Object(Config\Cache), false)
 4 FCPATH\index.php(67): CodeIgniter\CodeIgniter->run()
 5 SYSTEMPATH\Commands\Server\rewrite.php(47): require_once('C:\\xampp\\htdocs\\LabMVC4\\public\\index.php')
CRITICAL - 2023-05-16 07:02:48 --> Class "App\Models\UserModel" not found
in APPPATH\Controllers\Pages.php on line 36.
 1 SYSTEMPATH\CodeIgniter.php(934): App\Controllers\Pages->dataAjax()
 2 SYSTEMPATH\CodeIgniter.php(499): CodeIgniter\CodeIgniter->runController(Object(App\Controllers\Pages))
 3 SYSTEMPATH\CodeIgniter.php(368): CodeIgniter\CodeIgniter->handleRequest(null, Object(Config\Cache), false)
 4 FCPATH\index.php(67): CodeIgniter\CodeIgniter->run()
 5 SYSTEMPATH\Commands\Server\rewrite.php(47): require_once('C:\\xampp\\htdocs\\LabMVC4\\public\\index.php')
CRITICAL - 2023-05-16 07:03:15 --> Class "App\Models\UserModel" not found
in APPPATH\Controllers\Pages.php on line 36.
 1 SYSTEMPATH\CodeIgniter.php(934): App\Controllers\Pages->dataAjax()
 2 SYSTEMPATH\CodeIgniter.php(499): CodeIgniter\CodeIgniter->runController(Object(App\Controllers\Pages))
 3 SYSTEMPATH\CodeIgniter.php(368): CodeIgniter\CodeIgniter->handleRequest(null, Object(Config\Cache), false)
 4 FCPATH\index.php(67): CodeIgniter\CodeIgniter->run()
 5 SYSTEMPATH\Commands\Server\rewrite.php(47): require_once('C:\\xampp\\htdocs\\LabMVC4\\public\\index.php')
CRITICAL - 2023-05-16 07:24:50 --> Class "App\Models\UserModel" not found
in APPPATH\Controllers\Pages.php on line 40.
 1 SYSTEMPATH\CodeIgniter.php(934): App\Controllers\Pages->dataAjax()
 2 SYSTEMPATH\CodeIgniter.php(499): CodeIgniter\CodeIgniter->runController(Object(App\Controllers\Pages))
 3 SYSTEMPATH\CodeIgniter.php(368): CodeIgniter\CodeIgniter->handleRequest(null, Object(Config\Cache), false)
 4 FCPATH\index.php(67): CodeIgniter\CodeIgniter->run()
 5 SYSTEMPATH\Commands\Server\rewrite.php(47): require_once('C:\\xampp\\htdocs\\LabMVC4\\public\\index.php')
CRITICAL - 2023-05-16 07:25:06 --> Class "App\Models\UserModel" not found
in APPPATH\Controllers\Pages.php on line 40.
 1 SYSTEMPATH\CodeIgniter.php(934): App\Controllers\Pages->dataAjax()
 2 SYSTEMPATH\CodeIgniter.php(499): CodeIgniter\CodeIgniter->runController(Object(App\Controllers\Pages))
 3 SYSTEMPATH\CodeIgniter.php(368): CodeIgniter\CodeIgniter->handleRequest(null, Object(Config\Cache), false)
 4 FCPATH\index.php(67): CodeIgniter\CodeIgniter->run()
 5 SYSTEMPATH\Commands\Server\rewrite.php(47): require_once('C:\\xampp\\htdocs\\LabMVC4\\public\\index.php')
CRITICAL - 2023-05-16 07:25:07 --> Class "App\Models\UserModel" not found
in APPPATH\Controllers\Pages.php on line 40.
 1 SYSTEMPATH\CodeIgniter.php(934): App\Controllers\Pages->dataAjax()
 2 SYSTEMPATH\CodeIgniter.php(499): CodeIgniter\CodeIgniter->runController(Object(App\Controllers\Pages))
 3 SYSTEMPATH\CodeIgniter.php(368): CodeIgniter\CodeIgniter->handleRequest(null, Object(Config\Cache), false)
 4 FCPATH\index.php(67): CodeIgniter\CodeIgniter->run()
 5 SYSTEMPATH\Commands\Server\rewrite.php(47): require_once('C:\\xampp\\htdocs\\LabMVC4\\public\\index.php')
CRITICAL - 2023-05-16 07:31:21 --> Class "App\Models\UserModel" not found
in APPPATH\Controllers\Pages.php on line 40.
 1 SYSTEMPATH\CodeIgniter.php(934): App\Controllers\Pages->dataAjax()
 2 SYSTEMPATH\CodeIgniter.php(499): CodeIgniter\CodeIgniter->runController(Object(App\Controllers\Pages))
 3 SYSTEMPATH\CodeIgniter.php(368): CodeIgniter\CodeIgniter->handleRequest(null, Object(Config\Cache), false)
 4 FCPATH\index.php(67): CodeIgniter\CodeIgniter->run()
 5 SYSTEMPATH\Commands\Server\rewrite.php(47): require_once('C:\\xampp\\htdocs\\LabMVC4\\public\\index.php')
CRITICAL - 2023-05-16 07:34:55 --> Class "App\Models\UserModel" not found
in APPPATH\Controllers\Pages.php on line 40.
 1 SYSTEMPATH\CodeIgniter.php(934): App\Controllers\Pages->dataAjax()
 2 SYSTEMPATH\CodeIgniter.php(499): CodeIgniter\CodeIgniter->runController(Object(App\Controllers\Pages))
 3 SYSTEMPATH\CodeIgniter.php(368): CodeIgniter\CodeIgniter->handleRequest(null, Object(Config\Cache), false)
 4 FCPATH\index.php(67): CodeIgniter\CodeIgniter->run()
 5 SYSTEMPATH\Commands\Server\rewrite.php(47): require_once('C:\\xampp\\htdocs\\LabMVC4\\public\\index.php')
CRITICAL - 2023-05-16 07:35:01 --> Class "App\Models\UserModel" not found
in APPPATH\Controllers\Pages.php on line 40.
 1 SYSTEMPATH\CodeIgniter.php(934): App\Controllers\Pages->dataAjax()
 2 SYSTEMPATH\CodeIgniter.php(499): CodeIgniter\CodeIgniter->runController(Object(App\Controllers\Pages))
 3 SYSTEMPATH\CodeIgniter.php(368): CodeIgniter\CodeIgniter->handleRequest(null, Object(Config\Cache), false)
 4 FCPATH\index.php(67): CodeIgniter\CodeIgniter->run()
 5 SYSTEMPATH\Commands\Server\rewrite.php(47): require_once('C:\\xampp\\htdocs\\LabMVC4\\public\\index.php')
CRITICAL - 2023-05-16 07:41:51 --> Undefined array key "myVariable"
in APPPATH\Controllers\Pages.php on line 33.
 1 APPPATH\Controllers\Pages.php(33): CodeIgniter\Debug\Exceptions->errorHandler(2, 'Undefined array key "myVariable"', 'C:\\xampp\\htdocs\\LabMVC4\\app\\Controllers\\Pages.php', 33)
 2 SYSTEMPATH\CodeIgniter.php(934): App\Controllers\Pages->dataAjax()
 3 SYSTEMPATH\CodeIgniter.php(499): CodeIgniter\CodeIgniter->runController(Object(App\Controllers\Pages))
 4 SYSTEMPATH\CodeIgniter.php(368): CodeIgniter\CodeIgniter->handleRequest(null, Object(Config\Cache), false)
 5 FCPATH\index.php(67): CodeIgniter\CodeIgniter->run()
 6 SYSTEMPATH\Commands\Server\rewrite.php(47): require_once('C:\\xampp\\htdocs\\LabMVC4\\public\\index.php')
CRITICAL - 2023-05-16 07:43:47 --> Class "App\Models\UserModel" not found
in APPPATH\Controllers\Pages.php on line 40.
 1 SYSTEMPATH\CodeIgniter.php(934): App\Controllers\Pages->dataAjax()
 2 SYSTEMPATH\CodeIgniter.php(499): CodeIgniter\CodeIgniter->runController(Object(App\Controllers\Pages))
 3 SYSTEMPATH\CodeIgniter.php(368): CodeIgniter\CodeIgniter->handleRequest(null, Object(Config\Cache), false)
 4 FCPATH\index.php(67): CodeIgniter\CodeIgniter->run()
 5 SYSTEMPATH\Commands\Server\rewrite.php(47): require_once('C:\\xampp\\htdocs\\LabMVC4\\public\\index.php')
CRITICAL - 2023-05-16 07:43:47 --> Class "App\Models\UserModel" not found
in APPPATH\Controllers\Pages.php on line 40.
 1 SYSTEMPATH\CodeIgniter.php(934): App\Controllers\Pages->dataAjax()
 2 SYSTEMPATH\CodeIgniter.php(499): CodeIgniter\CodeIgniter->runController(Object(App\Controllers\Pages))
 3 SYSTEMPATH\CodeIgniter.php(368): CodeIgniter\CodeIgniter->handleRequest(null, Object(Config\Cache), false)
 4 FCPATH\index.php(67): CodeIgniter\CodeIgniter->run()
 5 SYSTEMPATH\Commands\Server\rewrite.php(47): require_once('C:\\xampp\\htdocs\\LabMVC4\\public\\index.php')
CRITICAL - 2023-05-16 07:47:23 --> Class "App\Models\UserModel" not found
in APPPATH\Controllers\Pages.php on line 40.
 1 SYSTEMPATH\CodeIgniter.php(934): App\Controllers\Pages->dataAjax()
 2 SYSTEMPATH\CodeIgniter.php(499): CodeIgniter\CodeIgniter->runController(Object(App\Controllers\Pages))
 3 SYSTEMPATH\CodeIgniter.php(368): CodeIgniter\CodeIgniter->handleRequest(null, Object(Config\Cache), false)
 4 FCPATH\index.php(67): CodeIgniter\CodeIgniter->run()
 5 SYSTEMPATH\Commands\Server\rewrite.php(47): require_once('C:\\xampp\\htdocs\\LabMVC4\\public\\index.php')
CRITICAL - 2023-05-16 07:57:15 --> Class "App\Models\UserModel" not found
in APPPATH\Controllers\Pages.php on line 40.
 1 SYSTEMPATH\CodeIgniter.php(934): App\Controllers\Pages->dataAjax()
 2 SYSTEMPATH\CodeIgniter.php(499): CodeIgniter\CodeIgniter->runController(Object(App\Controllers\Pages))
 3 SYSTEMPATH\CodeIgniter.php(368): CodeIgniter\CodeIgniter->handleRequest(null, Object(Config\Cache), false)
 4 FCPATH\index.php(67): CodeIgniter\CodeIgniter->run()
 5 SYSTEMPATH\Commands\Server\rewrite.php(47): require_once('C:\\xampp\\htdocs\\LabMVC4\\public\\index.php')
CRITICAL - 2023-05-16 08:13:39 --> Undefined property: App\Controllers\Home::$db
in APPPATH\Controllers\Home.php on line 13.
 1 APPPATH\Controllers\Home.php(13): CodeIgniter\Debug\Exceptions->errorHandler(2, 'Undefined property: App\\Controllers\\Home::$db', 'C:\\xampp\\htdocs\\LabMVC4\\app\\Controllers\\Home.php', 13)
 2 SYSTEMPATH\CodeIgniter.php(934): App\Controllers\Home->index()
 3 SYSTEMPATH\CodeIgniter.php(499): CodeIgniter\CodeIgniter->runController(Object(App\Controllers\Home))
 4 SYSTEMPATH\CodeIgniter.php(368): CodeIgniter\CodeIgniter->handleRequest(null, Object(Config\Cache), false)
 5 FCPATH\index.php(67): CodeIgniter\CodeIgniter->run()
 6 SYSTEMPATH\Commands\Server\rewrite.php(47): require_once('C:\\xampp\\htdocs\\LabMVC4\\public\\index.php')
CRITICAL - 2023-05-16 08:16:16 --> Class "App\Models\UserModel" not found
in APPPATH\Controllers\Pages.php on line 40.
 1 SYSTEMPATH\CodeIgniter.php(934): App\Controllers\Pages->dataAjax()
 2 SYSTEMPATH\CodeIgniter.php(499): CodeIgniter\CodeIgniter->runController(Object(App\Controllers\Pages))
 3 SYSTEMPATH\CodeIgniter.php(368): CodeIgniter\CodeIgniter->handleRequest(null, Object(Config\Cache), false)
 4 FCPATH\index.php(67): CodeIgniter\CodeIgniter->run()
 5 SYSTEMPATH\Commands\Server\rewrite.php(47): require_once('C:\\xampp\\htdocs\\LabMVC4\\public\\index.php')
CRITICAL - 2023-05-16 08:16:19 --> Class "App\Models\UserModel" not found
in APPPATH\Controllers\Pages.php on line 40.
 1 SYSTEMPATH\CodeIgniter.php(934): App\Controllers\Pages->dataAjax()
 2 SYSTEMPATH\CodeIgniter.php(499): CodeIgniter\CodeIgniter->runController(Object(App\Controllers\Pages))
 3 SYSTEMPATH\CodeIgniter.php(368): CodeIgniter\CodeIgniter->handleRequest(null, Object(Config\Cache), false)
 4 FCPATH\index.php(67): CodeIgniter\CodeIgniter->run()
 5 SYSTEMPATH\Commands\Server\rewrite.php(47): require_once('C:\\xampp\\htdocs\\LabMVC4\\public\\index.php')
CRITICAL - 2023-05-16 08:19:50 --> Class "App\Models\UserModel" not found
in APPPATH\Controllers\Pages.php on line 41.
 1 SYSTEMPATH\CodeIgniter.php(934): App\Controllers\Pages->dataAjax()
 2 SYSTEMPATH\CodeIgniter.php(499): CodeIgniter\CodeIgniter->runController(Object(App\Controllers\Pages))
 3 SYSTEMPATH\CodeIgniter.php(368): CodeIgniter\CodeIgniter->handleRequest(null, Object(Config\Cache), false)
 4 FCPATH\index.php(67): CodeIgniter\CodeIgniter->run()
 5 SYSTEMPATH\Commands\Server\rewrite.php(47): require_once('C:\\xampp\\htdocs\\LabMVC4\\public\\index.php')
CRITICAL - 2023-05-16 08:22:32 --> Class "App\Models\UserModel" not found
in APPPATH\Controllers\Pages.php on line 41.
 1 SYSTEMPATH\CodeIgniter.php(934): App\Controllers\Pages->dataAjax()
 2 SYSTEMPATH\CodeIgniter.php(499): CodeIgniter\CodeIgniter->runController(Object(App\Controllers\Pages))
 3 SYSTEMPATH\CodeIgniter.php(368): CodeIgniter\CodeIgniter->handleRequest(null, Object(Config\Cache), false)
 4 FCPATH\index.php(67): CodeIgniter\CodeIgniter->run()
 5 SYSTEMPATH\Commands\Server\rewrite.php(47): require_once('C:\\xampp\\htdocs\\LabMVC4\\public\\index.php')
CRITICAL - 2023-05-16 08:31:30 --> Class "App\Models\UserModel" not found
in APPPATH\Controllers\Pages.php on line 51.
 1 SYSTEMPATH\CodeIgniter.php(934): App\Controllers\Pages->dataAjax()
 2 SYSTEMPATH\CodeIgniter.php(499): CodeIgniter\CodeIgniter->runController(Object(App\Controllers\Pages))
 3 SYSTEMPATH\CodeIgniter.php(368): CodeIgniter\CodeIgniter->handleRequest(null, Object(Config\Cache), false)
 4 FCPATH\index.php(67): CodeIgniter\CodeIgniter->run()
 5 SYSTEMPATH\Commands\Server\rewrite.php(47): require_once('C:\\xampp\\htdocs\\LabMVC4\\public\\index.php')
CRITICAL - 2023-05-16 08:40:45 --> Class "App\Models\UserModel" not found
in APPPATH\Controllers\Pages.php on line 51.
 1 SYSTEMPATH\CodeIgniter.php(934): App\Controllers\Pages->dataAjax()
 2 SYSTEMPATH\CodeIgniter.php(499): CodeIgniter\CodeIgniter->runController(Object(App\Controllers\Pages))
 3 SYSTEMPATH\CodeIgniter.php(368): CodeIgniter\CodeIgniter->handleRequest(null, Object(Config\Cache), false)
 4 FCPATH\index.php(67): CodeIgniter\CodeIgniter->run()
 5 SYSTEMPATH\Commands\Server\rewrite.php(47): require_once('C:\\xampp\\htdocs\\LabMVC4\\public\\index.php')
CRITICAL - 2023-05-16 08:40:45 --> Class "App\Models\UserModel" not found
in APPPATH\Controllers\Pages.php on line 51.
 1 SYSTEMPATH\CodeIgniter.php(934): App\Controllers\Pages->dataAjax()
 2 SYSTEMPATH\CodeIgniter.php(499): CodeIgniter\CodeIgniter->runController(Object(App\Controllers\Pages))
 3 SYSTEMPATH\CodeIgniter.php(368): CodeIgniter\CodeIgniter->handleRequest(null, Object(Config\Cache), false)
 4 FCPATH\index.php(67): CodeIgniter\CodeIgniter->run()
 5 SYSTEMPATH\Commands\Server\rewrite.php(47): require_once('C:\\xampp\\htdocs\\LabMVC4\\public\\index.php')
CRITICAL - 2023-05-16 08:47:29 --> Class "App\Models\UserModel" not found
in APPPATH\Controllers\Pages.php on line 48.
 1 SYSTEMPATH\CodeIgniter.php(934): App\Controllers\Pages->dataAjax()
 2 SYSTEMPATH\CodeIgniter.php(499): CodeIgniter\CodeIgniter->runController(Object(App\Controllers\Pages))
 3 SYSTEMPATH\CodeIgniter.php(368): CodeIgniter\CodeIgniter->handleRequest(null, Object(Config\Cache), false)
 4 FCPATH\index.php(67): CodeIgniter\CodeIgniter->run()
 5 SYSTEMPATH\Commands\Server\rewrite.php(47): require_once('C:\\xampp\\htdocs\\LabMVC4\\public\\index.php')
CRITICAL - 2023-05-16 08:49:01 --> Class "App\Models\UserModel" not found
in APPPATH\Controllers\Pages.php on line 48.
 1 SYSTEMPATH\CodeIgniter.php(934): App\Controllers\Pages->dataAjax()
 2 SYSTEMPATH\CodeIgniter.php(499): CodeIgniter\CodeIgniter->runController(Object(App\Controllers\Pages))
 3 SYSTEMPATH\CodeIgniter.php(368): CodeIgniter\CodeIgniter->handleRequest(null, Object(Config\Cache), false)
 4 FCPATH\index.php(67): CodeIgniter\CodeIgniter->run()
 5 SYSTEMPATH\Commands\Server\rewrite.php(47): require_once('C:\\xampp\\htdocs\\LabMVC4\\public\\index.php')
CRITICAL - 2023-05-16 08:58:55 --> Class "App\Models\UserModel" not found
in APPPATH\Controllers\Pages.php on line 48.
 1 SYSTEMPATH\CodeIgniter.php(934): App\Controllers\Pages->dataAjax()
 2 SYSTEMPATH\CodeIgniter.php(499): CodeIgniter\CodeIgniter->runController(Object(App\Controllers\Pages))
 3 SYSTEMPATH\CodeIgniter.php(368): CodeIgniter\CodeIgniter->handleRequest(null, Object(Config\Cache), false)
 4 FCPATH\index.php(67): CodeIgniter\CodeIgniter->run()
 5 SYSTEMPATH\Commands\Server\rewrite.php(47): require_once('C:\\xampp\\htdocs\\LabMVC4\\public\\index.php')
CRITICAL - 2023-05-16 09:04:13 --> Call to a member function error() on bool
in APPPATH\Controllers\Pages.php on line 46.
 1 SYSTEMPATH\CodeIgniter.php(934): App\Controllers\Pages->dataAjax()
 2 SYSTEMPATH\CodeIgniter.php(499): CodeIgniter\CodeIgniter->runController(Object(App\Controllers\Pages))
 3 SYSTEMPATH\CodeIgniter.php(368): CodeIgniter\CodeIgniter->handleRequest(null, Object(Config\Cache), false)
 4 FCPATH\index.php(67): CodeIgniter\CodeIgniter->run()
 5 SYSTEMPATH\Commands\Server\rewrite.php(47): require_once('C:\\xampp\\htdocs\\LabMVC4\\public\\index.php')
CRITICAL - 2023-05-16 09:04:24 --> Call to a member function error() on bool
in APPPATH\Controllers\Pages.php on line 46.
 1 SYSTEMPATH\CodeIgniter.php(934): App\Controllers\Pages->dataAjax()
 2 SYSTEMPATH\CodeIgniter.php(499): CodeIgniter\CodeIgniter->runController(Object(App\Controllers\Pages))
 3 SYSTEMPATH\CodeIgniter.php(368): CodeIgniter\CodeIgniter->handleRequest(null, Object(Config\Cache), false)
 4 FCPATH\index.php(67): CodeIgniter\CodeIgniter->run()
 5 SYSTEMPATH\Commands\Server\rewrite.php(47): require_once('C:\\xampp\\htdocs\\LabMVC4\\public\\index.php')
CRITICAL - 2023-05-16 09:04:57 --> Class "App\Models\UserModel" not found
in APPPATH\Controllers\Pages.php on line 48.
 1 SYSTEMPATH\CodeIgniter.php(934): App\Controllers\Pages->dataAjax()
 2 SYSTEMPATH\CodeIgniter.php(499): CodeIgniter\CodeIgniter->runController(Object(App\Controllers\Pages))
 3 SYSTEMPATH\CodeIgniter.php(368): CodeIgniter\CodeIgniter->handleRequest(null, Object(Config\Cache), false)
 4 FCPATH\index.php(67): CodeIgniter\CodeIgniter->run()
 5 SYSTEMPATH\Commands\Server\rewrite.php(47): require_once('C:\\xampp\\htdocs\\LabMVC4\\public\\index.php')
CRITICAL - 2023-05-16 09:04:58 --> Class "App\Models\UserModel" not found
in APPPATH\Controllers\Pages.php on line 48.
 1 SYSTEMPATH\CodeIgniter.php(934): App\Controllers\Pages->dataAjax()
 2 SYSTEMPATH\CodeIgniter.php(499): CodeIgniter\CodeIgniter->runController(Object(App\Controllers\Pages))
 3 SYSTEMPATH\CodeIgniter.php(368): CodeIgniter\CodeIgniter->handleRequest(null, Object(Config\Cache), false)
 4 FCPATH\index.php(67): CodeIgniter\CodeIgniter->run()
 5 SYSTEMPATH\Commands\Server\rewrite.php(47): require_once('C:\\xampp\\htdocs\\LabMVC4\\public\\index.php')
CRITICAL - 2023-05-16 09:11:42 --> Class "App\Models\UserModel" not found
in APPPATH\Controllers\Pages.php on line 53.
 1 SYSTEMPATH\CodeIgniter.php(934): App\Controllers\Pages->dataAjax()
 2 SYSTEMPATH\CodeIgniter.php(499): CodeIgniter\CodeIgniter->runController(Object(App\Controllers\Pages))
 3 SYSTEMPATH\CodeIgniter.php(368): CodeIgniter\CodeIgniter->handleRequest(null, Object(Config\Cache), false)
 4 FCPATH\index.php(67): CodeIgniter\CodeIgniter->run()
 5 SYSTEMPATH\Commands\Server\rewrite.php(47): require_once('C:\\xampp\\htdocs\\LabMVC4\\public\\index.php')
CRITICAL - 2023-05-16 09:16:04 --> Class "App\Models\UserModel" not found
in APPPATH\Controllers\Pages.php on line 53.
 1 SYSTEMPATH\CodeIgniter.php(934): App\Controllers\Pages->dataAjax()
 2 SYSTEMPATH\CodeIgniter.php(499): CodeIgniter\CodeIgniter->runController(Object(App\Controllers\Pages))
 3 SYSTEMPATH\CodeIgniter.php(368): CodeIgniter\CodeIgniter->handleRequest(null, Object(Config\Cache), false)
 4 FCPATH\index.php(67): CodeIgniter\CodeIgniter->run()
 5 SYSTEMPATH\Commands\Server\rewrite.php(47): require_once('C:\\xampp\\htdocs\\LabMVC4\\public\\index.php')
CRITICAL - 2023-05-16 09:19:19 --> Class "App\Models\UserModel" not found
in APPPATH\Controllers\Pages.php on line 53.
 1 SYSTEMPATH\CodeIgniter.php(934): App\Controllers\Pages->dataAjax()
 2 SYSTEMPATH\CodeIgniter.php(499): CodeIgniter\CodeIgniter->runController(Object(App\Controllers\Pages))
 3 SYSTEMPATH\CodeIgniter.php(368): CodeIgniter\CodeIgniter->handleRequest(null, Object(Config\Cache), false)
 4 FCPATH\index.php(67): CodeIgniter\CodeIgniter->run()
 5 SYSTEMPATH\Commands\Server\rewrite.php(47): require_once('C:\\xampp\\htdocs\\LabMVC4\\public\\index.php')
CRITICAL - 2023-05-16 09:27:18 --> Class "App\Models\UserModel" not found
in APPPATH\Controllers\Pages.php on line 53.
 1 SYSTEMPATH\CodeIgniter.php(934): App\Controllers\Pages->dataAjax()
 2 SYSTEMPATH\CodeIgniter.php(499): CodeIgniter\CodeIgniter->runController(Object(App\Controllers\Pages))
 3 SYSTEMPATH\CodeIgniter.php(368): CodeIgniter\CodeIgniter->handleRequest(null, Object(Config\Cache), false)
 4 FCPATH\index.php(67): CodeIgniter\CodeIgniter->run()
 5 SYSTEMPATH\Commands\Server\rewrite.php(47): require_once('C:\\xampp\\htdocs\\LabMVC4\\public\\index.php')
CRITICAL - 2023-05-16 09:30:30 --> Class "App\Models\UserModel" not found
in APPPATH\Controllers\Pages.php on line 53.
 1 SYSTEMPATH\CodeIgniter.php(934): App\Controllers\Pages->dataAjax()
 2 SYSTEMPATH\CodeIgniter.php(499): CodeIgniter\CodeIgniter->runController(Object(App\Controllers\Pages))
 3 SYSTEMPATH\CodeIgniter.php(368): CodeIgniter\CodeIgniter->handleRequest(null, Object(Config\Cache), false)
 4 FCPATH\index.php(67): CodeIgniter\CodeIgniter->run()
 5 SYSTEMPATH\Commands\Server\rewrite.php(47): require_once('C:\\xampp\\htdocs\\LabMVC4\\public\\index.php')
CRITICAL - 2023-05-16 09:31:57 --> Class "App\Models\UserModel" not found
in APPPATH\Controllers\Pages.php on line 51.
 1 SYSTEMPATH\CodeIgniter.php(934): App\Controllers\Pages->dataAjax()
 2 SYSTEMPATH\CodeIgniter.php(499): CodeIgniter\CodeIgniter->runController(Object(App\Controllers\Pages))
 3 SYSTEMPATH\CodeIgniter.php(368): CodeIgniter\CodeIgniter->handleRequest(null, Object(Config\Cache), false)
 4 FCPATH\index.php(67): CodeIgniter\CodeIgniter->run()
 5 SYSTEMPATH\Commands\Server\rewrite.php(47): require_once('C:\\xampp\\htdocs\\LabMVC4\\public\\index.php')
CRITICAL - 2023-05-16 09:31:58 --> Class "App\Models\UserModel" not found
in APPPATH\Controllers\Pages.php on line 51.
 1 SYSTEMPATH\CodeIgniter.php(934): App\Controllers\Pages->dataAjax()
 2 SYSTEMPATH\CodeIgniter.php(499): CodeIgniter\CodeIgniter->runController(Object(App\Controllers\Pages))
 3 SYSTEMPATH\CodeIgniter.php(368): CodeIgniter\CodeIgniter->handleRequest(null, Object(Config\Cache), false)
 4 FCPATH\index.php(67): CodeIgniter\CodeIgniter->run()
 5 SYSTEMPATH\Commands\Server\rewrite.php(47): require_once('C:\\xampp\\htdocs\\LabMVC4\\public\\index.php')
CRITICAL - 2023-05-16 09:36:03 --> Class "App\Models\UserModel" not found
in APPPATH\Controllers\Pages.php on line 51.
 1 SYSTEMPATH\CodeIgniter.php(934): App\Controllers\Pages->dataAjax()
 2 SYSTEMPATH\CodeIgniter.php(499): CodeIgniter\CodeIgniter->runController(Object(App\Controllers\Pages))
 3 SYSTEMPATH\CodeIgniter.php(368): CodeIgniter\CodeIgniter->handleRequest(null, Object(Config\Cache), false)
 4 FCPATH\index.php(67): CodeIgniter\CodeIgniter->run()
 5 SYSTEMPATH\Commands\Server\rewrite.php(47): require_once('C:\\xampp\\htdocs\\LabMVC4\\public\\index.php')
CRITICAL - 2023-05-16 09:36:45 --> Class "App\Models\UserModel" not found
in APPPATH\Controllers\Pages.php on line 53.
 1 SYSTEMPATH\CodeIgniter.php(934): App\Controllers\Pages->dataAjax()
 2 SYSTEMPATH\CodeIgniter.php(499): CodeIgniter\CodeIgniter->runController(Object(App\Controllers\Pages))
 3 SYSTEMPATH\CodeIgniter.php(368): CodeIgniter\CodeIgniter->handleRequest(null, Object(Config\Cache), false)
 4 FCPATH\index.php(67): CodeIgniter\CodeIgniter->run()
 5 SYSTEMPATH\Commands\Server\rewrite.php(47): require_once('C:\\xampp\\htdocs\\LabMVC4\\public\\index.php')
CRITICAL - 2023-05-16 09:42:11 --> Class "App\Models\UserModel" not found
in APPPATH\Controllers\Pages.php on line 53.
 1 SYSTEMPATH\CodeIgniter.php(934): App\Controllers\Pages->dataAjax()
 2 SYSTEMPATH\CodeIgniter.php(499): CodeIgniter\CodeIgniter->runController(Object(App\Controllers\Pages))
 3 SYSTEMPATH\CodeIgniter.php(368): CodeIgniter\CodeIgniter->handleRequest(null, Object(Config\Cache), false)
 4 FCPATH\index.php(67): CodeIgniter\CodeIgniter->run()
 5 SYSTEMPATH\Commands\Server\rewrite.php(47): require_once('C:\\xampp\\htdocs\\LabMVC4\\public\\index.php')
CRITICAL - 2023-05-16 09:42:17 --> Class "App\Models\UserModel" not found
in APPPATH\Controllers\Pages.php on line 53.
 1 SYSTEMPATH\CodeIgniter.php(934): App\Controllers\Pages->dataAjax()
 2 SYSTEMPATH\CodeIgniter.php(499): CodeIgniter\CodeIgniter->runController(Object(App\Controllers\Pages))
 3 SYSTEMPATH\CodeIgniter.php(368): CodeIgniter\CodeIgniter->handleRequest(null, Object(Config\Cache), false)
 4 FCPATH\index.php(67): CodeIgniter\CodeIgniter->run()
 5 SYSTEMPATH\Commands\Server\rewrite.php(47): require_once('C:\\xampp\\htdocs\\LabMVC4\\public\\index.php')
CRITICAL - 2023-05-16 09:43:14 --> Class "App\Models\UserModel" not found
in APPPATH\Controllers\Pages.php on line 53.
 1 SYSTEMPATH\CodeIgniter.php(934): App\Controllers\Pages->dataAjax()
 2 SYSTEMPATH\CodeIgniter.php(499): CodeIgniter\CodeIgniter->runController(Object(App\Controllers\Pages))
 3 SYSTEMPATH\CodeIgniter.php(368): CodeIgniter\CodeIgniter->handleRequest(null, Object(Config\Cache), false)
 4 FCPATH\index.php(67): CodeIgniter\CodeIgniter->run()
 5 SYSTEMPATH\Commands\Server\rewrite.php(47): require_once('C:\\xampp\\htdocs\\LabMVC4\\public\\index.php')
CRITICAL - 2023-05-16 09:43:40 --> Class "App\Models\UserModel" not found
in APPPATH\Controllers\Pages.php on line 53.
 1 SYSTEMPATH\CodeIgniter.php(934): App\Controllers\Pages->dataAjax()
 2 SYSTEMPATH\CodeIgniter.php(499): CodeIgniter\CodeIgniter->runController(Object(App\Controllers\Pages))
 3 SYSTEMPATH\CodeIgniter.php(368): CodeIgniter\CodeIgniter->handleRequest(null, Object(Config\Cache), false)
 4 FCPATH\index.php(67): CodeIgniter\CodeIgniter->run()
 5 SYSTEMPATH\Commands\Server\rewrite.php(47): require_once('C:\\xampp\\htdocs\\LabMVC4\\public\\index.php')
CRITICAL - 2023-05-16 09:46:55 --> Class "App\Models\UserModel" not found
in APPPATH\Controllers\Pages.php on line 53.
 1 SYSTEMPATH\CodeIgniter.php(934): App\Controllers\Pages->dataAjax()
 2 SYSTEMPATH\CodeIgniter.php(499): CodeIgniter\CodeIgniter->runController(Object(App\Controllers\Pages))
 3 SYSTEMPATH\CodeIgniter.php(368): CodeIgniter\CodeIgniter->handleRequest(null, Object(Config\Cache), false)
 4 FCPATH\index.php(67): CodeIgniter\CodeIgniter->run()
 5 SYSTEMPATH\Commands\Server\rewrite.php(47): require_once('C:\\xampp\\htdocs\\LabMVC4\\public\\index.php')
CRITICAL - 2023-05-16 09:47:03 --> Class "App\Models\UserModel" not found
in APPPATH\Controllers\Pages.php on line 53.
 1 SYSTEMPATH\CodeIgniter.php(934): App\Controllers\Pages->dataAjax()
 2 SYSTEMPATH\CodeIgniter.php(499): CodeIgniter\CodeIgniter->runController(Object(App\Controllers\Pages))
 3 SYSTEMPATH\CodeIgniter.php(368): CodeIgniter\CodeIgniter->handleRequest(null, Object(Config\Cache), false)
 4 FCPATH\index.php(67): CodeIgniter\CodeIgniter->run()
 5 SYSTEMPATH\Commands\Server\rewrite.php(47): require_once('C:\\xampp\\htdocs\\LabMVC4\\public\\index.php')
CRITICAL - 2023-05-16 09:56:04 --> Class "App\Models\UserModel" not found
in APPPATH\Controllers\Pages.php on line 53.
 1 SYSTEMPATH\CodeIgniter.php(934): App\Controllers\Pages->dataAjax()
 2 SYSTEMPATH\CodeIgniter.php(499): CodeIgniter\CodeIgniter->runController(Object(App\Controllers\Pages))
 3 SYSTEMPATH\CodeIgniter.php(368): CodeIgniter\CodeIgniter->handleRequest(null, Object(Config\Cache), false)
 4 FCPATH\index.php(67): CodeIgniter\CodeIgniter->run()
 5 SYSTEMPATH\Commands\Server\rewrite.php(47): require_once('C:\\xampp\\htdocs\\LabMVC4\\public\\index.php')
CRITICAL - 2023-05-16 09:58:41 --> Class "App\Models\UserModel" not found
in APPPATH\Controllers\Pages.php on line 53.
 1 SYSTEMPATH\CodeIgniter.php(934): App\Controllers\Pages->dataAjax()
 2 SYSTEMPATH\CodeIgniter.php(499): CodeIgniter\CodeIgniter->runController(Object(App\Controllers\Pages))
 3 SYSTEMPATH\CodeIgniter.php(368): CodeIgniter\CodeIgniter->handleRequest(null, Object(Config\Cache), false)
 4 FCPATH\index.php(67): CodeIgniter\CodeIgniter->run()
 5 SYSTEMPATH\Commands\Server\rewrite.php(47): require_once('C:\\xampp\\htdocs\\LabMVC4\\public\\index.php')
CRITICAL - 2023-05-16 10:05:47 --> Class "App\Models\UserModel" not found
in APPPATH\Controllers\Pages.php on line 33.
 1 SYSTEMPATH\CodeIgniter.php(934): App\Controllers\Pages->dataAjax()
 2 SYSTEMPATH\CodeIgniter.php(499): CodeIgniter\CodeIgniter->runController(Object(App\Controllers\Pages))
 3 SYSTEMPATH\CodeIgniter.php(368): CodeIgniter\CodeIgniter->handleRequest(null, Object(Config\Cache), false)
 4 FCPATH\index.php(67): CodeIgniter\CodeIgniter->run()
 5 SYSTEMPATH\Commands\Server\rewrite.php(47): require_once('C:\\xampp\\htdocs\\LabMVC4\\public\\index.php')
CRITICAL - 2023-05-16 10:07:51 --> Class "App\Models\UserModel" not found
in APPPATH\Controllers\Pages.php on line 53.
 1 SYSTEMPATH\CodeIgniter.php(934): App\Controllers\Pages->dataAjax()
 2 SYSTEMPATH\CodeIgniter.php(499): CodeIgniter\CodeIgniter->runController(Object(App\Controllers\Pages))
 3 SYSTEMPATH\CodeIgniter.php(368): CodeIgniter\CodeIgniter->handleRequest(null, Object(Config\Cache), false)
 4 FCPATH\index.php(67): CodeIgniter\CodeIgniter->run()
 5 SYSTEMPATH\Commands\Server\rewrite.php(47): require_once('C:\\xampp\\htdocs\\LabMVC4\\public\\index.php')
CRITICAL - 2023-05-16 10:08:17 --> Class "App\Models\UserModel" not found
in APPPATH\Controllers\Pages.php on line 33.
 1 SYSTEMPATH\CodeIgniter.php(934): App\Controllers\Pages->dataAjax()
 2 SYSTEMPATH\CodeIgniter.php(499): CodeIgniter\CodeIgniter->runController(Object(App\Controllers\Pages))
 3 SYSTEMPATH\CodeIgniter.php(368): CodeIgniter\CodeIgniter->handleRequest(null, Object(Config\Cache), false)
 4 FCPATH\index.php(67): CodeIgniter\CodeIgniter->run()
 5 SYSTEMPATH\Commands\Server\rewrite.php(47): require_once('C:\\xampp\\htdocs\\LabMVC4\\public\\index.php')
